#
# A fatal error has been detected by the Java Runtime Environment:
#
#  EXCEPTION_ACCESS_VIOLATION (0xc0000005) at pc=0x00007ffc16751be1, pid=20560, tid=20516
#
# JRE version:  (17.0.8.1+1) (build )
# Java VM: OpenJDK 64-Bit Server VM (17.0.8.1+1, mixed mode, sharing, tiered, unknown gc, windows-amd64)
# Problematic frame:
# C  [jimage.dll+0x1be1]
#
# No core dump will be written. Minidumps are not enabled by default on client versions of Windows
#
#

---------------  S U M M A R Y ------------

Command Line: 

Host: Intel(R) Core(TM) i7-6820HQ CPU @ 2.70GHz, 8 cores, 15G,  Windows 10 , 64 bit Build 19041 (10.0.19041.3570)
Time: Thu Oct 26 02:39:11 2023 Arab Standard Time elapsed time: 0.029480 seconds (0d 0h 0m 0s)

---------------  T H R E A D  ---------------

Current thread is native thread

Stack: [0x0000009ee6a00000,0x0000009ee6b00000],  sp=0x0000009ee6afd160,  free space=1012k
Native frames: (J=compiled Java code, j=interpreted, Vv=VM code, C=native code)
C  [jimage.dll+0x1be1]
C  [jimage.dll+0x1d6f]
C  [jimage.dll+0x264d]
V  [jvm.dll+0x1f2d5a]
V  [jvm.dll+0xb07de]
V  [jvm.dll+0x7e6dfc]
V  [jvm.dll+0x3ee4af]
V  [jvm.dll+0x3f00c1]
C  [jli.dll+0x528b]
C  [ucrtbase.dll+0x21bb2]
C  [KERNEL32.DLL+0x17344]
C  [ntdll.dll+0x526b1]


siginfo: EXCEPTION_ACCESS_VIOLATION (0xc0000005), reading address 0x000000000000bc98


Registers:
RAX=0x0000000000002f1f, RBX=0x0000009ee6afd251, RCX=0x00007ffc16756000, RDX=0x0000000000002f1f
RSP=0x0000009ee6afd160, RBP=0x0000009ee6afd250, RSI=0x000000000000719f, RDI=0x0000009ee6afd250
R8 =0x00007ffc16754288, R9 =0x000000000000001c, R10=0x00007ffbd0d88c00, R11=0x00007ffc16756000
R12=0x0000000000000002, R13=0x000001f14ee2b300, R14=0x0000009ee6afe2c0, R15=0x00007ffbd0d88c28
RIP=0x00007ffc16751be1, EFLAGS=0x0000000000010246

Top of Stack: (sp=0x0000009ee6afd160)
0x0000009ee6afd160:   0000000000000000 00007ffc20b9df4c
0x0000009ee6afd170:   000001f14eef5bb0 0000009ee6afd2d0
0x0000009ee6afd180:   000001f14ef1a330 00007ffc16751d6f
0x0000009ee6afd190:   000000000000000b 000001f14ef1a330
0x0000009ee6afd1a0:   0000009ee6afd100 00000000000000b0
0x0000009ee6afd1b0:   0000000000000600 000001f14ef260d0
0x0000009ee6afd1c0:   0000000000000000 0000000000000001
0x0000009ee6afd1d0:   000001f14ef260c0 000001f100000070
0x0000009ee6afd1e0:   0000000000000000 00007ffc000000c0
0x0000009ee6afd1f0:   0000dee6260e2c94 00000000ce0004ca
0x0000009ee6afd200:   00007ffbd0d67810 0000000000000017
0x0000009ee6afd210:   000001f14ef1a330 0000009ee6afe2c0
0x0000009ee6afd220:   000000000000000b 00007ffc1675264d
0x0000009ee6afd230:   00000000000006fe 00000000000006fe
0x0000009ee6afd240:   00000000000006fe 000001f1ce0004ca
0x0000009ee6afd250:   61622e6176616a2f 692f6b646a2f6573 

Instructions: (pc=0x00007ffc16751be1)
0x00007ffc16751ae1:   48 85 c9 74 1d 80 3d 23 45 00 00 00 74 06 48 8b
0x00007ffc16751af1:   53 18 eb 04 48 8b 53 40 e8 ae 0e 00 00 48 83 63
0x00007ffc16751b01:   48 00 8b 4b 0c 83 f9 ff 74 09 e8 e4 0c 00 00 83
0x00007ffc16751b11:   4b 0c ff 48 8b 4b 70 48 85 c9 74 0f ba 10 00 00
0x00007ffc16751b21:   00 e8 fd 0e 00 00 48 83 63 70 00 48 83 c4 20 5b
0x00007ffc16751b31:   c3 cc cc 40 53 48 83 ec 20 48 8b d9 48 8d 0d dc
0x00007ffc16751b41:   46 00 00 e8 b3 0c 00 00 83 6b 08 01 75 24 48 8b
0x00007ffc16751b51:   d3 48 8d 0d bf 44 00 00 e8 22 08 00 00 48 8b cb
0x00007ffc16751b61:   e8 de fe ff ff ba 78 00 00 00 48 8b cb e8 b1 0e
0x00007ffc16751b71:   00 00 48 8d 0d a6 46 00 00 48 83 c4 20 5b e9 80
0x00007ffc16751b81:   0c 00 00 48 89 5c 24 08 48 89 74 24 10 57 48 83
0x00007ffc16751b91:   ec 20 41 8b f1 4d 8b c8 48 8b fa 4c 8b d9 4d 85
0x00007ffc16751ba1:   c0 74 78 85 f6 74 74 44 8a 12 48 8d 5a 01 48 8b
0x00007ffc16751bb1:   d3 b8 93 01 00 01 eb 12 69 c0 93 01 00 01 41 0f
0x00007ffc16751bc1:   b6 ca 44 8a 12 33 c1 48 ff c2 45 84 d2 75 e9 4d
0x00007ffc16751bd1:   8b 03 0f ba f0 1f 33 d2 49 8b cb f7 f6 48 63 c2
0x00007ffc16751be1:   41 8b 14 81 41 ff 50 08 85 c0 7e 24 8a 0f eb 10
0x00007ffc16751bf1:   69 c0 93 01 00 01 0f b6 c9 33 c1 8a 0b 48 ff c3
0x00007ffc16751c01:   84 c9 75 ec 0f ba f0 1f 33 d2 f7 f6 8b c2 eb 0e
0x00007ffc16751c11:   79 09 83 c9 ff 2b c8 8b c1 eb 03 83 c8 ff 48 8b
0x00007ffc16751c21:   5c 24 30 48 8b 74 24 38 48 83 c4 20 5f c3 cc 48
0x00007ffc16751c31:   89 5c 24 08 48 89 74 24 10 57 48 83 ec 20 48 8b
0x00007ffc16751c41:   f1 48 8d 0d d7 45 00 00 e8 ae 0b 00 00 33 ff 39
0x00007ffc16751c51:   3d c2 43 00 00 76 24 48 8b 05 c1 43 00 00 48 8b
0x00007ffc16751c61:   d6 48 8b 1c f8 48 8b 0b e8 72 1e 00 00 85 c0 74
0x00007ffc16751c71:   2b ff c7 3b 3d 9e 43 00 00 72 dc 33 db 48 8d 0d
0x00007ffc16751c81:   9b 45 00 00 e8 7a 0b 00 00 48 8b 74 24 38 48 8b
0x00007ffc16751c91:   c3 48 8b 5c 24 30 48 83 c4 20 5f c3 ff 43 08 eb
0x00007ffc16751ca1:   dc cc cc 48 89 5c 24 08 48 89 74 24 10 57 48 83
0x00007ffc16751cb1:   ec 20 48 8b d9 48 8b f2 48 8b 49 10 49 8b f8 8b
0x00007ffc16751cc1:   53 30 48 8b 01 ff 50 20 4c 8b 43 50 48 8b d6 48
0x00007ffc16751cd1:   8b 4b 10 44 8b c8 e8 a8 fe ff ff 83 f8 ff 74 38 



---------------  P R O C E S S  ---------------

VM state: not at safepoint (not fully initialized)

VM Mutex/Monitor currently owned by a thread: None

GC Precious Log:
<Not initialized>


Dynamic libraries:
0x00007ff7dc4c0000 - 0x00007ff7dc4ce000 	c:\Users\grz\.vscode\extensions\redhat.java-1.23.0-win32-x64\jre\17.0.8.1-win32-x86_64\bin\java.exe
0x00007ffc20b70000 - 0x00007ffc20d67000 	C:\Windows\SYSTEM32\ntdll.dll
0x00007ffc1f280000 - 0x00007ffc1f33d000 	C:\Windows\System32\KERNEL32.DLL
0x00007ffc1e5a0000 - 0x00007ffc1e896000 	C:\Windows\System32\KERNELBASE.dll
0x00007ffc1e2a0000 - 0x00007ffc1e3a0000 	C:\Windows\System32\ucrtbase.dll
0x00007ffbf6410000 - 0x00007ffbf6427000 	c:\Users\grz\.vscode\extensions\redhat.java-1.23.0-win32-x64\jre\17.0.8.1-win32-x86_64\bin\jli.dll
0x00007ffc1edc0000 - 0x00007ffc1ef5e000 	C:\Windows\System32\USER32.dll
0x00007ffc1eaa0000 - 0x00007ffc1eac2000 	C:\Windows\System32\win32u.dll
0x00007ffc1fd30000 - 0x00007ffc1fd5c000 	C:\Windows\System32\GDI32.dll
0x00007ffc1e450000 - 0x00007ffc1e56a000 	C:\Windows\System32\gdi32full.dll
0x00007ffc1ea00000 - 0x00007ffc1ea9d000 	C:\Windows\System32\msvcp_win.dll
0x00007ffbf5c70000 - 0x00007ffbf5c89000 	c:\Users\grz\.vscode\extensions\redhat.java-1.23.0-win32-x64\jre\17.0.8.1-win32-x86_64\bin\VCRUNTIME140.dll
0x00007ffc05a30000 - 0x00007ffc05cca000 	C:\Windows\WinSxS\amd64_microsoft.windows.common-controls_6595b64144ccf1df_6.0.19041.3570_none_60bb2a3971f3e41a\COMCTL32.dll
0x00007ffc1ef80000 - 0x00007ffc1f01e000 	C:\Windows\System32\msvcrt.dll
0x00007ffc1f350000 - 0x00007ffc1f380000 	C:\Windows\System32\IMM32.DLL
0x00007ffbf9970000 - 0x00007ffbf997c000 	c:\Users\grz\.vscode\extensions\redhat.java-1.23.0-win32-x64\jre\17.0.8.1-win32-x86_64\bin\vcruntime140_1.dll
0x00007ffbf2910000 - 0x00007ffbf29a1000 	c:\Users\grz\.vscode\extensions\redhat.java-1.23.0-win32-x64\jre\17.0.8.1-win32-x86_64\bin\msvcp140.dll
0x00007ffbd0450000 - 0x00007ffbd109c000 	c:\Users\grz\.vscode\extensions\redhat.java-1.23.0-win32-x64\jre\17.0.8.1-win32-x86_64\bin\server\jvm.dll
0x00007ffc1ec30000 - 0x00007ffc1ecde000 	C:\Windows\System32\ADVAPI32.dll
0x00007ffc1fd60000 - 0x00007ffc1fdfc000 	C:\Windows\System32\sechost.dll
0x00007ffc202b0000 - 0x00007ffc203d6000 	C:\Windows\System32\RPCRT4.dll
0x00007ffc1da10000 - 0x00007ffc1da5b000 	C:\Windows\SYSTEM32\POWRPROF.dll
0x00007ffbf03c0000 - 0x00007ffbf03c9000 	C:\Windows\SYSTEM32\WSOCK32.dll
0x00007ffc20160000 - 0x00007ffc201cb000 	C:\Windows\System32\WS2_32.dll
0x00007ffc0e3e0000 - 0x00007ffc0e407000 	C:\Windows\SYSTEM32\WINMM.dll
0x00007ffc1ce80000 - 0x00007ffc1ce8a000 	C:\Windows\SYSTEM32\VERSION.dll
0x00007ffc1d980000 - 0x00007ffc1d992000 	C:\Windows\SYSTEM32\UMPDC.dll
0x00007ffc1c970000 - 0x00007ffc1c982000 	C:\Windows\SYSTEM32\kernel.appcore.dll
0x00007ffc16750000 - 0x00007ffc1675a000 	c:\Users\grz\.vscode\extensions\redhat.java-1.23.0-win32-x64\jre\17.0.8.1-win32-x86_64\bin\jimage.dll
0x00007ffc18e60000 - 0x00007ffc19044000 	C:\Windows\SYSTEM32\DBGHELP.DLL
0x00007ffbffbe0000 - 0x00007ffbffc14000 	C:\Windows\SYSTEM32\dbgcore.DLL
0x00007ffc1eb40000 - 0x00007ffc1ebc2000 	C:\Windows\System32\bcryptPrimitives.dll

dbghelp: loaded successfully - version: 4.0.5 - missing functions: none
symbol engine: initialized successfully - sym options: 0x614 - pdb path: .;c:\Users\grz\.vscode\extensions\redhat.java-1.23.0-win32-x64\jre\17.0.8.1-win32-x86_64\bin;C:\Windows\SYSTEM32;C:\Windows\WinSxS\amd64_microsoft.windows.common-controls_6595b64144ccf1df_6.0.19041.3570_none_60bb2a3971f3e41a;c:\Users\grz\.vscode\extensions\redhat.java-1.23.0-win32-x64\jre\17.0.8.1-win32-x86_64\bin\server

VM Arguments:
java_command: <unknown>
java_class_path (initial): <not set>
Launcher Type: SUN_STANDARD

[Global flags]
     bool UseLargePagesIndividualAllocation        = false                                  {pd product} {ergonomic}

Logging:
Log output configuration:
 #0: stdout all=warning uptime,level,tags
 #1: stderr all=off uptime,level,tags

Environment Variables:
JAVA_HOME=C:\Program Files\Java\jdk-20
PATH=C:\Program Files\Common Files\Oracle\Java\javapath;C:\Windows\system32;C:\Windows;C:\Windows\System32\Wbem;C:\Windows\System32\WindowsPowerShell\v1.0\;C:\Windows\System32\OpenSSH\;C:\Program Files (x86)\Intel\Intel(R) Management Engine Components\DAL;C:\Program Files\Intel\Intel(R) Management Engine Components\DAL;C:\Program Files (x86)\HP\HP Performance Advisor;C:\Program Files (x86)\Git\cmd;C:\Users\Hussain GRZ\flutter\bin;E:\flutter for hussain\flutter_windows_3.3.9-stable\flutter\bin;Desktop\flutter;C:\Program Files\Java\jdk-20\bin;C:\Program Files\nodejs\;C:\Users\grz\.console-ninja\.bin;C:\Users\grz\AppData\Local\Microsoft\WindowsApps;C:\Users\Hussain GRZ\AppData\Local\Programs\Python\Python310\Lib\venv\scripts\nt;C:\Users\Hussain GRZ\flutter\bin;E:\flutter for hussain\flutter_windows_3.3.9-stable\flutter\bin;C:\Users\grz\flutter\bin;C:\Users\grz\AppData\Local\Android\Sdk\tools;C:\Users\grz\AppData\Local\Android\Sdk\platform-tools;C:\Users\grz\AppData\Local\Programs\Microsoft VS Code\bin;C:\Users\grz\AppData\Local\GitHubDesktop\bin;C:\Program Files\Java\jdk-20\bin;C:\Users\grz\AppData\Roaming\npm
USERNAME=grz
OS=Windows_NT
PROCESSOR_IDENTIFIER=Intel64 Family 6 Model 94 Stepping 3, GenuineIntel
TMP=C:\Users\grz\AppData\Local\Temp
TEMP=C:\Users\grz\AppData\Local\Temp



---------------  S Y S T E M  ---------------

OS:
 Windows 10 , 64 bit Build 19041 (10.0.19041.3570)
OS uptime: 0 days 2:28 hours

CPU: total 8 (initial active 0) 
Processor Information for all 8 processors :
  Max Mhz: 2712, Current Mhz: 2712, Mhz Limit: 2712

Memory: 4k page, system-wide physical 16263M (1605M free)
TotalPageFile size 39326M (AvailPageFile size 5M)
current process WorkingSet (physical memory assigned to process): 7M, peak: 7M
current process commit charge ("private bytes"): 3M, peak: 3M

vm_info: OpenJDK 64-Bit Server VM (17.0.8.1+1) for windows-amd64 JRE (17.0.8.1+1), built on Aug 23 2023 15:29:17 by "admin" with MS VC++ 16.7 (VS2019)

END.
