#
# There is insufficient memory for the Java Runtime Environment to continue.
# Native memory allocation (mmap) failed to map 65536 bytes for Failed to commit metaspace.
# Possible reasons:
#   The system is out of physical RAM or swap space
#   The process is running with CompressedOops enabled, and the Java Heap may be blocking the growth of the native heap
# Possible solutions:
#   Reduce memory load on the system
#   Increase physical memory or swap space
#   Check if swap backing store is full
#   Decrease Java heap size (-Xmx/-Xms)
#   Decrease number of Java threads
#   Decrease Java thread stack sizes (-Xss)
#   Set larger code cache with -XX:ReservedCodeCacheSize=
#   JVM is running with Unscaled Compressed Oops mode in which the Java heap is
#     placed in the first 4GB address space. The Java Heap base address is the
#     maximum limit for the native heap growth. Please use -XX:HeapBaseMinAddress
#     to set the Java Heap base and to place the Java Heap above 4GB virtual address.
# This output file may be truncated or incomplete.
#
#  Out of Memory Error (virtualSpaceNode.cpp:110), pid=17716, tid=1056
#
# JRE version:  (17.0.8.1+1) (build )
# Java VM: OpenJDK 64-Bit Server VM (17.0.8.1+1, mixed mode, tiered, compressed oops, compressed class ptrs, parallel gc, windows-amd64)
# No core dump will be written. Minidumps are not enabled by default on client versions of Windows
#

---------------  S U M M A R Y ------------

Command Line: --add-modules=ALL-SYSTEM --add-opens=java.base/java.util=ALL-UNNAMED --add-opens=java.base/java.lang=ALL-UNNAMED --add-opens=java.base/sun.nio.fs=ALL-UNNAMED -Declipse.application=org.eclipse.jdt.ls.core.id1 -Dosgi.bundles.defaultStartLevel=4 -Declipse.product=org.eclipse.jdt.ls.core.product -Djava.import.generatesMetadataFilesAtProjectRoot=false -DDetectVMInstallationsJob.disabled=true -Dfile.encoding=utf8 -XX:+UseParallelGC -XX:GCTimeRatio=4 -XX:AdaptiveSizePolicyWeight=90 -Dsun.zip.disableMemoryMapping=true -Xmx1G -Xms100m -Xlog:disable -javaagent:c:\Users\grz\.vscode\extensions\redhat.java-1.23.0-win32-x64\lombok\lombok-1.18.30.jar -XX:+HeapDumpOnOutOfMemoryError -XX:HeapDumpPath=c:\Users\grz\AppData\Roaming\Code\User\workspaceStorage\5f7b0bf8818b2ab2bada3455cfeb7767\redhat.java -Daether.dependencyCollector.impl=bf c:\Users\grz\.vscode\extensions\redhat.java-1.23.0-win32-x64\server\plugins\org.eclipse.equinox.launcher_1.6.500.v20230717-2134.jar -configuration c:\Users\grz\AppData\Roaming\Code\User\globalStorage\redhat.java\1.23.0\config_win -data c:\Users\grz\AppData\Roaming\Code\User\workspaceStorage\5f7b0bf8818b2ab2bada3455cfeb7767\redhat.java\jdt_ws

Host: Intel(R) Core(TM) i7-6820HQ CPU @ 2.70GHz, 8 cores, 15G,  Windows 10 , 64 bit Build 19041 (10.0.19041.3570)
Time: Thu Oct 26 02:37:43 2023 Arab Standard Time elapsed time: 0.138828 seconds (0d 0h 0m 0s)

---------------  T H R E A D  ---------------

Current thread (0x000001dfa7741ac0):  JavaThread "main" [_thread_in_vm, id=1056, stack(0x0000006e35700000,0x0000006e35800000)]

Stack: [0x0000006e35700000,0x0000006e35800000]
Native frames: (J=compiled Java code, j=interpreted, Vv=VM code, C=native code)
V  [jvm.dll+0x678b0a]
V  [jvm.dll+0x835e84]
V  [jvm.dll+0x83762e]
V  [jvm.dll+0x837c93]
V  [jvm.dll+0x24746f]
V  [jvm.dll+0x831f1b]
V  [jvm.dll+0x61d3c6]
V  [jvm.dll+0x61d42a]
V  [jvm.dll+0x61fc5a]
V  [jvm.dll+0x61dd66]
V  [jvm.dll+0x23ce50]
V  [jvm.dll+0x1ec2ed]
V  [jvm.dll+0x1e1d21]
V  [jvm.dll+0x53fba0]
V  [jvm.dll+0x1f2607]
V  [jvm.dll+0x7b06ab]
V  [jvm.dll+0x7b1a52]
V  [jvm.dll+0x7b1d88]
V  [jvm.dll+0x23f76e]
V  [jvm.dll+0x23f9bf]
V  [jvm.dll+0x55d3f8]
V  [jvm.dll+0x5602a7]
V  [jvm.dll+0x385914]
V  [jvm.dll+0x384f7f]
C  0x000001dfb1909cb9

Java frames: (J=compiled Java code, j=interpreted, Vv=VM code)
j  java.lang.StringLatin1.newString([BII)Ljava/lang/String;+16 java.base
j  java.lang.String.substring(II)Ljava/lang/String;+41 java.base
j  jdk.internal.misc.VM.saveProperties(Ljava/util/Map;)V+134 java.base
j  java.lang.System.initPhase1()V+12 java.base
v  ~StubRoutines::call_stub

---------------  P R O C E S S  ---------------

Threads class SMR info:
_java_thread_list=0x000001dfbb5bced0, length=3, elements={
0x000001dfa7741ac0, 0x000001dfa77f5590, 0x000001dfbb5ba850
}

Java Threads: ( => current thread )
=>0x000001dfa7741ac0 JavaThread "main" [_thread_in_vm, id=1056, stack(0x0000006e35700000,0x0000006e35800000)]
  0x000001dfa77f5590 JavaThread "Reference Handler" daemon [_thread_blocked, id=5256, stack(0x0000006e35a00000,0x0000006e35b00000)]
  0x000001dfbb5ba850 JavaThread "Finalizer" daemon [_thread_blocked, id=18752, stack(0x0000006e35b00000,0x0000006e35c00000)]

Other Threads:
  0x000001dfbb5b9ce0 VMThread "VM Thread" [stack: 0x0000006e35900000,0x0000006e35a00000] [id=4556]
  0x000001dfa7756460 GCTaskThread "GC Thread#0" [stack: 0x0000006e35800000,0x0000006e35900000] [id=9540]

Threads with active compile tasks:

VM state: not at safepoint (normal execution)

VM Mutex/Monitor currently owned by a thread:  ([mutex/lock_event])
[0x000001dfa773bc30] Metaspace_lock - owner thread: 0x000001dfa7741ac0

Heap address: 0x00000000c0000000, size: 1024 MB, Compressed Oops mode: 32-bit

CDS archive(s) not mapped
Compressed class space mapped at: 0x0000000100000000-0x0000000140000000, reserved size: 1073741824
Narrow klass base: 0x0000000000000000, Narrow klass shift: 3, Narrow klass range: 0x140000000

GC Precious Log:
 CPUs: 8 total, 8 available
 Memory: 16263M
 Large Page Support: Disabled
 NUMA Support: Disabled
 Compressed Oops: Enabled (32-bit)
 Alignments: Space 512K, Generation 512K, Heap 2M
 Heap Min Capacity: 100M
 Heap Initial Capacity: 100M
 Heap Max Capacity: 1G
 Pre-touch: Disabled
 Parallel Workers: 8

Heap:
 PSYoungGen      total 29696K, used 1024K [0x00000000eab00000, 0x00000000ecc00000, 0x0000000100000000)
  eden space 25600K, 4% used [0x00000000eab00000,0x00000000eac00138,0x00000000ec400000)
  from space 4096K, 0% used [0x00000000ec800000,0x00000000ec800000,0x00000000ecc00000)
  to   space 4096K, 0% used [0x00000000ec400000,0x00000000ec400000,0x00000000ec800000)
 ParOldGen       total 68608K, used 0K [0x00000000c0000000, 0x00000000c4300000, 0x00000000eab00000)
  object space 68608K, 0% used [0x00000000c0000000,0x00000000c0000000,0x00000000c4300000)
 Metaspace       used 1680K, committed 1728K, reserved 1114112K
  class space    used 150K, committed 192K, reserved 1048576K

Card table byte_map: [0x000001dfa7110000,0x000001dfa7320000] _byte_map_base: 0x000001dfa6b10000

Marking Bits: (ParMarkBitMap*) 0x00007ffbd0fd83a0
 Begin Bits: [0x000001dfb93c0000, 0x000001dfba3c0000)
 End Bits:   [0x000001dfba3c0000, 0x000001dfbb3c0000)

Polling page: 0x000001dfa6f00000

Metaspace:

Usage:
  Non-class:      1.49 MB used.
      Class:    150.23 KB used.
       Both:      1.64 MB used.

Virtual space:
  Non-class space:       64.00 MB reserved,       1.50 MB (  2%) committed,  1 nodes.
      Class space:        1.00 GB reserved,     192.00 KB ( <1%) committed,  1 nodes.
             Both:        1.06 GB reserved,       1.69 MB ( <1%) committed. 

Chunk freelists:
   Non-Class:  12.00 MB
       Class:  15.75 MB
        Both:  27.75 MB

MaxMetaspaceSize: unlimited
CompressedClassSpaceSize: 1.00 GB
Initial GC threshold: 21.00 MB
Current GC threshold: 17179869184.00 GB
CDS: off
MetaspaceReclaimPolicy: balanced
 - commit_granule_bytes: 65536.
 - commit_granule_words: 8192.
 - virtual_space_node_default_size: 8388608.
 - enlarge_chunks_in_place: 1.
 - new_chunks_are_fully_committed: 0.
 - uncommit_free_chunks: 1.
 - use_allocation_guard: 0.
 - handle_deallocations: 1.


Internal statistics:

num_allocs_failed_limit: 0.
num_arena_births: 2.
num_arena_deaths: 0.
num_vsnodes_births: 2.
num_vsnodes_deaths: 0.
num_space_committed: 27.
num_space_uncommitted: 0.
num_chunks_returned_to_freelist: 0.
num_chunks_taken_from_freelist: 3.
num_chunk_merges: 0.
num_chunk_splits: 2.
num_chunks_enlarged: 0.
num_inconsistent_stats: 0.

CodeHeap 'non-profiled nmethods': size=120000Kb used=0Kb max_used=0Kb free=120000Kb
 bounds [0x000001dfb1e90000, 0x000001dfb2100000, 0x000001dfb93c0000]
CodeHeap 'profiled nmethods': size=120000Kb used=0Kb max_used=0Kb free=120000Kb
 bounds [0x000001dfaa3c0000, 0x000001dfaa630000, 0x000001dfb18f0000]
CodeHeap 'non-nmethods': size=5760Kb used=366Kb max_used=366Kb free=5394Kb
 bounds [0x000001dfb18f0000, 0x000001dfb1b60000, 0x000001dfb1e90000]
 total_blobs=158 nmethods=0 adapters=131
 compilation: enabled
              stopped_count=0, restarted_count=0
 full_count=0

Compilation events (0 events):
No events

GC Heap History (0 events):
No events

Dll operation events (1 events):
Event: 0.013 Loaded shared library c:\Users\grz\.vscode\extensions\redhat.java-1.23.0-win32-x64\jre\17.0.8.1-win32-x86_64\bin\java.dll

Deoptimization events (0 events):
No events

Classes unloaded (0 events):
No events

Classes redefined (0 events):
No events

Internal exceptions (0 events):
No events

VM Operations (0 events):
No events

Events (20 events):
Event: 0.100 loading class jdk/internal/access/JavaLangRefAccess done
Event: 0.100 loading class java/lang/ref/Reference$1 done
Event: 0.100 loading class java/lang/ref/Finalizer$FinalizerThread
Event: 0.100 loading class java/lang/ref/Finalizer$FinalizerThread done
Event: 0.100 Thread 0x000001dfbb5ba850 Thread added: 0x000001dfbb5ba850
Event: 0.100 loading class java/lang/System$2
Event: 0.100 loading class jdk/internal/access/JavaLangAccess
Event: 0.100 loading class jdk/internal/access/JavaLangAccess done
Event: 0.101 loading class java/lang/System$2 done
Event: 0.101 loading class jdk/internal/util/SystemProps
Event: 0.101 loading class jdk/internal/util/SystemProps done
Event: 0.101 loading class jdk/internal/util/SystemProps$Raw
Event: 0.101 loading class jdk/internal/util/SystemProps$Raw done
Event: 0.101 loading class jdk/internal/misc/VM
Event: 0.102 loading class jdk/internal/misc/VM done
Event: 0.136 loading class java/lang/StringConcatHelper
Event: 0.136 loading class java/lang/StringConcatHelper done
Event: 0.137 loading class java/lang/VersionProps
Event: 0.137 loading class java/lang/VersionProps done
Event: 0.137 loading class java/util/Arrays


Dynamic libraries:
0x00007ff7dc4c0000 - 0x00007ff7dc4ce000 	c:\Users\grz\.vscode\extensions\redhat.java-1.23.0-win32-x64\jre\17.0.8.1-win32-x86_64\bin\java.exe
0x00007ffc20b70000 - 0x00007ffc20d67000 	C:\Windows\SYSTEM32\ntdll.dll
0x00007ffc1f280000 - 0x00007ffc1f33d000 	C:\Windows\System32\KERNEL32.DLL
0x00007ffc1e5a0000 - 0x00007ffc1e896000 	C:\Windows\System32\KERNELBASE.dll
0x00007ffc1e2a0000 - 0x00007ffc1e3a0000 	C:\Windows\System32\ucrtbase.dll
0x00007ffbf6410000 - 0x00007ffbf6427000 	c:\Users\grz\.vscode\extensions\redhat.java-1.23.0-win32-x64\jre\17.0.8.1-win32-x86_64\bin\jli.dll
0x00007ffc1edc0000 - 0x00007ffc1ef5e000 	C:\Windows\System32\USER32.dll
0x00007ffc1eaa0000 - 0x00007ffc1eac2000 	C:\Windows\System32\win32u.dll
0x00007ffc1fd30000 - 0x00007ffc1fd5c000 	C:\Windows\System32\GDI32.dll
0x00007ffc1e450000 - 0x00007ffc1e56a000 	C:\Windows\System32\gdi32full.dll
0x00007ffc1ea00000 - 0x00007ffc1ea9d000 	C:\Windows\System32\msvcp_win.dll
0x00007ffbf5c70000 - 0x00007ffbf5c89000 	c:\Users\grz\.vscode\extensions\redhat.java-1.23.0-win32-x64\jre\17.0.8.1-win32-x86_64\bin\VCRUNTIME140.dll
0x00007ffc05a30000 - 0x00007ffc05cca000 	C:\Windows\WinSxS\amd64_microsoft.windows.common-controls_6595b64144ccf1df_6.0.19041.3570_none_60bb2a3971f3e41a\COMCTL32.dll
0x00007ffc1ef80000 - 0x00007ffc1f01e000 	C:\Windows\System32\msvcrt.dll
0x00007ffc1f350000 - 0x00007ffc1f380000 	C:\Windows\System32\IMM32.DLL
0x00007ffbf9970000 - 0x00007ffbf997c000 	c:\Users\grz\.vscode\extensions\redhat.java-1.23.0-win32-x64\jre\17.0.8.1-win32-x86_64\bin\vcruntime140_1.dll
0x00007ffbf2910000 - 0x00007ffbf29a1000 	c:\Users\grz\.vscode\extensions\redhat.java-1.23.0-win32-x64\jre\17.0.8.1-win32-x86_64\bin\msvcp140.dll
0x00007ffbd0450000 - 0x00007ffbd109c000 	c:\Users\grz\.vscode\extensions\redhat.java-1.23.0-win32-x64\jre\17.0.8.1-win32-x86_64\bin\server\jvm.dll
0x00007ffc1ec30000 - 0x00007ffc1ecde000 	C:\Windows\System32\ADVAPI32.dll
0x00007ffc1fd60000 - 0x00007ffc1fdfc000 	C:\Windows\System32\sechost.dll
0x00007ffc202b0000 - 0x00007ffc203d6000 	C:\Windows\System32\RPCRT4.dll
0x00007ffc0e3e0000 - 0x00007ffc0e407000 	C:\Windows\SYSTEM32\WINMM.dll
0x00007ffc1ce80000 - 0x00007ffc1ce8a000 	C:\Windows\SYSTEM32\VERSION.dll
0x00007ffc1da10000 - 0x00007ffc1da5b000 	C:\Windows\SYSTEM32\POWRPROF.dll
0x00007ffbf03c0000 - 0x00007ffbf03c9000 	C:\Windows\SYSTEM32\WSOCK32.dll
0x00007ffc20160000 - 0x00007ffc201cb000 	C:\Windows\System32\WS2_32.dll
0x00007ffc1d980000 - 0x00007ffc1d992000 	C:\Windows\SYSTEM32\UMPDC.dll
0x00007ffc1c970000 - 0x00007ffc1c982000 	C:\Windows\SYSTEM32\kernel.appcore.dll
0x00007ffc16750000 - 0x00007ffc1675a000 	c:\Users\grz\.vscode\extensions\redhat.java-1.23.0-win32-x64\jre\17.0.8.1-win32-x86_64\bin\jimage.dll
0x00007ffc18e60000 - 0x00007ffc19044000 	C:\Windows\SYSTEM32\DBGHELP.DLL
0x00007ffbffbe0000 - 0x00007ffbffc14000 	C:\Windows\SYSTEM32\dbgcore.DLL
0x00007ffc1eb40000 - 0x00007ffc1ebc2000 	C:\Windows\System32\bcryptPrimitives.dll
0x00007ffc159e0000 - 0x00007ffc159ee000 	c:\Users\grz\.vscode\extensions\redhat.java-1.23.0-win32-x64\jre\17.0.8.1-win32-x86_64\bin\instrument.dll
0x00007ffc023a0000 - 0x00007ffc023c5000 	c:\Users\grz\.vscode\extensions\redhat.java-1.23.0-win32-x64\jre\17.0.8.1-win32-x86_64\bin\java.dll
0x00007ffc157d0000 - 0x00007ffc157e8000 	c:\Users\grz\.vscode\extensions\redhat.java-1.23.0-win32-x64\jre\17.0.8.1-win32-x86_64\bin\zip.dll
0x00007ffc203e0000 - 0x00007ffc20b24000 	C:\Windows\System32\SHELL32.dll
0x00007ffc19050000 - 0x00007ffc197eb000 	C:\Windows\SYSTEM32\windows.storage.dll
0x00007ffc1fe00000 - 0x00007ffc20154000 	C:\Windows\System32\combase.dll
0x00007ffc1dc90000 - 0x00007ffc1dcbd000 	C:\Windows\SYSTEM32\Wldp.dll
0x00007ffc1fc00000 - 0x00007ffc1fcad000 	C:\Windows\System32\SHCORE.dll
0x00007ffc1e180000 - 0x00007ffc1e1a5000 	C:\Windows\SYSTEM32\profapi.dll

dbghelp: loaded successfully - version: 4.0.5 - missing functions: none
symbol engine: initialized successfully - sym options: 0x614 - pdb path: .;c:\Users\grz\.vscode\extensions\redhat.java-1.23.0-win32-x64\jre\17.0.8.1-win32-x86_64\bin;C:\Windows\SYSTEM32;C:\Windows\WinSxS\amd64_microsoft.windows.common-controls_6595b64144ccf1df_6.0.19041.3570_none_60bb2a3971f3e41a;c:\Users\grz\.vscode\extensions\redhat.java-1.23.0-win32-x64\jre\17.0.8.1-win32-x86_64\bin\server

VM Arguments:
jvm_args: --add-modules=ALL-SYSTEM --add-opens=java.base/java.util=ALL-UNNAMED --add-opens=java.base/java.lang=ALL-UNNAMED --add-opens=java.base/sun.nio.fs=ALL-UNNAMED -Declipse.application=org.eclipse.jdt.ls.core.id1 -Dosgi.bundles.defaultStartLevel=4 -Declipse.product=org.eclipse.jdt.ls.core.product -Djava.import.generatesMetadataFilesAtProjectRoot=false -DDetectVMInstallationsJob.disabled=true -Dfile.encoding=utf8 -XX:+UseParallelGC -XX:GCTimeRatio=4 -XX:AdaptiveSizePolicyWeight=90 -Dsun.zip.disableMemoryMapping=true -Xmx1G -Xms100m -Xlog:disable -javaagent:c:\Users\grz\.vscode\extensions\redhat.java-1.23.0-win32-x64\lombok\lombok-1.18.30.jar -XX:+HeapDumpOnOutOfMemoryError -XX:HeapDumpPath=c:\Users\grz\AppData\Roaming\Code\User\workspaceStorage\5f7b0bf8818b2ab2bada3455cfeb7767\redhat.java -Daether.dependencyCollector.impl=bf 
java_command: c:\Users\grz\.vscode\extensions\redhat.java-1.23.0-win32-x64\server\plugins\org.eclipse.equinox.launcher_1.6.500.v20230717-2134.jar -configuration c:\Users\grz\AppData\Roaming\Code\User\globalStorage\redhat.java\1.23.0\config_win -data c:\Users\grz\AppData\Roaming\Code\User\workspaceStorage\5f7b0bf8818b2ab2bada3455cfeb7767\redhat.java\jdt_ws
java_class_path (initial): c:\Users\grz\.vscode\extensions\redhat.java-1.23.0-win32-x64\server\plugins\org.eclipse.equinox.launcher_1.6.500.v20230717-2134.jar
Launcher Type: SUN_STANDARD

[Global flags]
    uintx AdaptiveSizePolicyWeight                 = 90                                        {product} {command line}
     intx CICompilerCount                          = 4                                         {product} {ergonomic}
    uintx GCTimeRatio                              = 4                                         {product} {command line}
     bool HeapDumpOnOutOfMemoryError               = true                                   {manageable} {command line}
    ccstr HeapDumpPath                             = c:\Users\grz\AppData\Roaming\Code\User\workspaceStorage\5f7b0bf8818b2ab2bada3455cfeb7767\redhat.java         {manageable} {command line}
   size_t InitialHeapSize                          = 104857600                                 {product} {command line}
   size_t MaxHeapSize                              = 1073741824                                {product} {command line}
   size_t MaxNewSize                               = 357564416                                 {product} {ergonomic}
   size_t MinHeapDeltaBytes                        = 524288                                    {product} {ergonomic}
   size_t MinHeapSize                              = 104857600                                 {product} {command line}
   size_t NewSize                                  = 34603008                                  {product} {ergonomic}
    uintx NonNMethodCodeHeapSize                   = 5839372                                {pd product} {ergonomic}
    uintx NonProfiledCodeHeapSize                  = 122909434                              {pd product} {ergonomic}
   size_t OldSize                                  = 70254592                                  {product} {ergonomic}
    uintx ProfiledCodeHeapSize                     = 122909434                              {pd product} {ergonomic}
    uintx ReservedCodeCacheSize                    = 251658240                              {pd product} {ergonomic}
     bool SegmentedCodeCache                       = true                                      {product} {ergonomic}
   size_t SoftMaxHeapSize                          = 1073741824                             {manageable} {ergonomic}
     bool UseCompressedClassPointers               = true                           {product lp64_product} {ergonomic}
     bool UseCompressedOops                        = true                           {product lp64_product} {ergonomic}
     bool UseLargePagesIndividualAllocation        = false                                  {pd product} {ergonomic}
     bool UseParallelGC                            = true                                      {product} {command line}

Logging:
Log output configuration:
 #0: stdout all=off uptime,level,tags
 #1: stderr all=off uptime,level,tags

Environment Variables:
JAVA_HOME=C:\Program Files\Java\jdk-20
PATH=C:\Program Files\Common Files\Oracle\Java\javapath;C:\Windows\system32;C:\Windows;C:\Windows\System32\Wbem;C:\Windows\System32\WindowsPowerShell\v1.0\;C:\Windows\System32\OpenSSH\;C:\Program Files (x86)\Intel\Intel(R) Management Engine Components\DAL;C:\Program Files\Intel\Intel(R) Management Engine Components\DAL;C:\Program Files (x86)\HP\HP Performance Advisor;C:\Program Files (x86)\Git\cmd;C:\Users\Hussain GRZ\flutter\bin;E:\flutter for hussain\flutter_windows_3.3.9-stable\flutter\bin;Desktop\flutter;C:\Program Files\Java\jdk-20\bin;C:\Program Files\nodejs\;C:\Users\grz\.console-ninja\.bin;C:\Users\grz\AppData\Local\Microsoft\WindowsApps;C:\Users\Hussain GRZ\AppData\Local\Programs\Python\Python310\Lib\venv\scripts\nt;C:\Users\Hussain GRZ\flutter\bin;E:\flutter for hussain\flutter_windows_3.3.9-stable\flutter\bin;C:\Users\grz\flutter\bin;C:\Users\grz\AppData\Local\Android\Sdk\tools;C:\Users\grz\AppData\Local\Android\Sdk\platform-tools;C:\Users\grz\AppData\Local\Programs\Microsoft VS Code\bin;C:\Users\grz\AppData\Local\GitHubDesktop\bin;C:\Program Files\Java\jdk-20\bin;C:\Users\grz\AppData\Roaming\npm
USERNAME=grz
OS=Windows_NT
PROCESSOR_IDENTIFIER=Intel64 Family 6 Model 94 Stepping 3, GenuineIntel
TMP=C:\Users\grz\AppData\Local\Temp
TEMP=C:\Users\grz\AppData\Local\Temp



---------------  S Y S T E M  ---------------

OS:
 Windows 10 , 64 bit Build 19041 (10.0.19041.3570)
OS uptime: 0 days 2:27 hours

CPU: total 8 (initial active 8) (4 cores per cpu, 2 threads per core) family 6 model 94 stepping 3 microcode 0xf0, cx8, cmov, fxsr, ht, mmx, 3dnowpref, sse, sse2, sse3, ssse3, sse4.1, sse4.2, popcnt, lzcnt, tsc, tscinvbit, avx, avx2, aes, erms, clmul, bmi1, bmi2, rtm, adx, fma, vzeroupper, clflush, clflushopt
Processor Information for all 8 processors :
  Max Mhz: 2712, Current Mhz: 2712, Mhz Limit: 2712

Memory: 4k page, system-wide physical 16263M (1069M free)
TotalPageFile size 39326M (AvailPageFile size 0M)
current process WorkingSet (physical memory assigned to process): 19M, peak: 19M
current process commit charge ("private bytes"): 177M, peak: 177M

vm_info: OpenJDK 64-Bit Server VM (17.0.8.1+1) for windows-amd64 JRE (17.0.8.1+1), built on Aug 23 2023 15:29:17 by "admin" with MS VC++ 16.7 (VS2019)

END.
